<?xml version="1.0" encoding="UTF-8"?>
<coverage generated="1709164800">
  <project timestamp="1709164800">
    <file name="/var/www/app/Services/InvoiceService.php">
      <class name="InvoiceService" namespace="App\Services">
        <metrics methods="3" coveredmethods="0" statements="15" coveredstatements="0"/>
      </class>
      <line num="10" type="method" name="cancel" count="0"/>
      <line num="20" type="method" name="refund" count="0"/>
      <line num="30" type="method" name="generateInvoice" count="0"/>
      <line num="11" type="stmt" count="0"/>
      <line num="12" type="stmt" count="0"/>
      <line num="21" type="stmt" count="0"/>
      <line num="31" type="stmt" count="0"/>
    </file>
    <file name="/var/www/app/Services/PaymentService.php">
      <class name="PaymentService" namespace="App\Services">
        <metrics methods="3" coveredmethods="2" statements="20" coveredstatements="14"/>
      </class>
      <line num="10" type="method" name="charge" count="5"/>
      <line num="20" type="method" name="validate" count="3"/>
      <line num="30" type="method" name="refund" count="0"/>
      <line num="11" type="stmt" count="5"/>
      <line num="21" type="stmt" count="3"/>
      <line num="31" type="stmt" count="0"/>
    </file>
    <file name="/var/www/app/Models/User.php">
      <class name="User" namespace="App\Models">
        <metrics methods="2" coveredmethods="2" statements="10" coveredstatements="10"/>
      </class>
      <line num="10" type="method" name="getFullName" count="8"/>
      <line num="20" type="method" name="isAdmin" count="4"/>
      <line num="11" type="stmt" count="8"/>
      <line num="21" type="stmt" count="4"/>
    </file>
    <file name="/var/www/vendor/some/package/Helper.php">
      <class name="Helper" namespace="Some\Package">
        <metrics methods="1" coveredmethods="0" statements="5" coveredstatements="0"/>
      </class>
      <line num="5" type="method" name="doSomething" count="0"/>
      <line num="6" type="stmt" count="0"/>
    </file>
  </project>
</coverage>
