<?xml version="1.0" encoding="UTF-8"?>
<coverage generated="1709164800">
  <project timestamp="1709164800">
    <file name="/var/www/src/Handlers/OrderHandler.php">
      <class name="OrderHandler" namespace="App\Handlers">
        <metrics methods="2" coveredmethods="0" statements="10" coveredstatements="0"/>
      </class>
      <line num="10" type="method" name="handle" count="0"/>
      <line num="20" type="method" name="rollback" count="0"/>
    </file>
    <file name="/var/www/src/Handlers/ShipmentHandler.php">
      <class name="ShipmentHandler" namespace="App\Handlers">
        <metrics methods="1" coveredmethods="0" statements="5" coveredstatements="0"/>
      </class>
      <line num="10" type="method" name="ship" count="0"/>
    </file>
  </project>
</coverage>
